2026-04-05T16:17:13Z ALLOW glob  
2026-04-05T16:17:13Z ALLOW glob  
2026-04-05T16:17:17Z ALLOW read  
2026-04-05T16:17:17Z ALLOW read  
2026-04-05T16:17:26Z ALLOW read  
2026-04-05T16:17:26Z ALLOW read  
2026-04-05T16:17:49Z ALLOW todo  
2026-04-05T16:18:17Z ALLOW todo  
2026-04-05T16:18:17Z ALLOW todo  
2026-04-05T16:18:17Z ALLOW todo  
2026-04-05T16:18:17Z ALLOW todo  
2026-04-05T16:18:20Z ALLOW todo  
2026-04-05T20:15:54Z ALLOW todo  
2026-04-05T20:15:54Z ALLOW todo  
2026-04-05T20:15:54Z ALLOW todo  
2026-04-05T20:15:54Z ALLOW todo  
2026-04-05T20:15:54Z ALLOW todo  
2026-04-05T20:23:01Z ALLOW read  
2026-04-05T20:23:04Z ALLOW read  
2026-04-05T20:30:21Z ALLOW remember
2026-04-05T20:31:52Z ALLOW remember
2026-04-05T20:39:00Z ALLOW todo  
2026-04-06T05:30:26Z ALLOW map   
2026-04-06T05:30:26Z ALLOW glob  
2026-04-06T05:30:30Z ALLOW read  
2026-04-06T05:30:36Z ALLOW read  
2026-04-06T05:32:08Z ALLOW read  
2026-04-06T05:33:01Z ALLOW read  
2026-04-06T05:33:04Z CONFIRM edit  
2026-04-06T05:33:07Z EXEC edit  
2026-04-06T05:33:11Z CONFIRM edit  
2026-04-06T05:33:13Z EXEC edit  
2026-04-06T05:33:16Z CONFIRM edit  
2026-04-06T05:33:18Z EXEC edit  
2026-04-06T05:33:21Z CONFIRM edit  
2026-04-06T05:33:23Z EXEC edit  
2026-04-06T05:33:25Z ALLOW read  
2026-04-06T05:33:27Z ALLOW read  
2026-04-06T05:33:29Z CONFIRM bash  
2026-04-06T05:33:34Z EXEC bash  
2026-04-06T05:33:38Z CONFIRM bash  
2026-04-06T05:33:48Z DENY bash   cmd=user denied reason=
